<?xml version="1.0" encoding="UTF-8"?>
<!-- Generated by org.testng.reporters.JUnitXMLReporter -->
<testsuite ignored="0" hostname="Raaseshs-Air" failures="0" tests="7" name="Default test" time="90.988" errors="0" timestamp="2022-06-19T21:41:53 CEST">
  <testcase classname="plandaytest.Testcase" name="test1NavigateandVeryfy" time="0.364"/>
  <testcase classname="plandaytest.Testcase" name="test2VerifyError" time="1.03"/>
  <testcase classname="plandaytest.Testcase" name="test3Login" time="1.133"/>
  <testcase classname="plandaytest.Testcase" name="test4and5NavigateShcedulepageandverify" time="4.494"/>
  <testcase classname="plandaytest.Testcase" name="test6countandassertnumberofemployee" time="9.539"/>
  <testcase classname="plandaytest.Testcase" name="test7and8createashiftandfilltime" time="12.963"/>
  <testcase classname="plandaytest.Testcase" name="test9assertcreatedshift" time="8.565"/>
</testsuite> <!-- Default test -->
