<?xml version="1.0" encoding="UTF-8"?>
<testng-results ignored="0" total="7" passed="7" failed="0" skipped="0">
  <reporter-output>
  </reporter-output>
  <suite started-at="2022-06-19T21:40:22 CEST" name="Default suite" finished-at="2022-06-19T21:41:53 CEST" duration-ms="90988">
    <groups>
    </groups>
    <test started-at="2022-06-19T21:40:22 CEST" name="Default test" finished-at="2022-06-19T21:41:53 CEST" duration-ms="90988">
      <class name="plandaytest.Testcase">
        <test-method is-config="true" signature="setUp()[pri:0, instance:plandaytest.Testcase@6818d900]" started-at="2022-06-19T21:40:22 CEST" name="setUp" finished-at="2022-06-19T21:40:36 CEST" duration-ms="13649" status="PASS">
          <reporter-output>
          </reporter-output>
        </test-method> <!-- setUp -->
        <test-method signature="test1NavigateandVeryfy()[pri:0, instance:plandaytest.Testcase@6818d900]" started-at="2022-06-19T21:40:36 CEST" name="test1NavigateandVeryfy" finished-at="2022-06-19T21:40:37 CEST" duration-ms="364" status="PASS">
          <reporter-output>
          </reporter-output>
        </test-method> <!-- test1NavigateandVeryfy -->
        <test-method is-config="true" signature="tearDown()[pri:0, instance:plandaytest.Testcase@6818d900]" started-at="2022-06-19T21:40:37 CEST" name="tearDown" finished-at="2022-06-19T21:40:37 CEST" duration-ms="338" status="PASS">
          <reporter-output>
          </reporter-output>
        </test-method> <!-- tearDown -->
        <test-method is-config="true" signature="setUp()[pri:0, instance:plandaytest.Testcase@6818d900]" started-at="2022-06-19T21:40:37 CEST" name="setUp" finished-at="2022-06-19T21:40:43 CEST" duration-ms="6031" status="PASS">
          <reporter-output>
          </reporter-output>
        </test-method> <!-- setUp -->
        <test-method signature="test2VerifyError()[pri:0, instance:plandaytest.Testcase@6818d900]" started-at="2022-06-19T21:40:43 CEST" name="test2VerifyError" finished-at="2022-06-19T21:40:44 CEST" duration-ms="1030" status="PASS">
          <reporter-output>
          </reporter-output>
        </test-method> <!-- test2VerifyError -->
        <test-method is-config="true" signature="tearDown()[pri:0, instance:plandaytest.Testcase@6818d900]" started-at="2022-06-19T21:40:44 CEST" name="tearDown" finished-at="2022-06-19T21:40:44 CEST" duration-ms="273" status="PASS">
          <reporter-output>
          </reporter-output>
        </test-method> <!-- tearDown -->
        <test-method is-config="true" signature="setUp()[pri:0, instance:plandaytest.Testcase@6818d900]" started-at="2022-06-19T21:40:44 CEST" name="setUp" finished-at="2022-06-19T21:40:50 CEST" duration-ms="5938" status="PASS">
          <reporter-output>
          </reporter-output>
        </test-method> <!-- setUp -->
        <test-method signature="test3Login()[pri:0, instance:plandaytest.Testcase@6818d900]" started-at="2022-06-19T21:40:50 CEST" name="test3Login" finished-at="2022-06-19T21:40:52 CEST" duration-ms="1133" status="PASS">
          <reporter-output>
          </reporter-output>
        </test-method> <!-- test3Login -->
        <test-method is-config="true" signature="tearDown()[pri:0, instance:plandaytest.Testcase@6818d900]" started-at="2022-06-19T21:40:52 CEST" name="tearDown" finished-at="2022-06-19T21:40:52 CEST" duration-ms="235" status="PASS">
          <reporter-output>
          </reporter-output>
        </test-method> <!-- tearDown -->
        <test-method is-config="true" signature="setUp()[pri:0, instance:plandaytest.Testcase@6818d900]" started-at="2022-06-19T21:40:52 CEST" name="setUp" finished-at="2022-06-19T21:40:57 CEST" duration-ms="5426" status="PASS">
          <reporter-output>
          </reporter-output>
        </test-method> <!-- setUp -->
        <test-method signature="test4and5NavigateShcedulepageandverify()[pri:0, instance:plandaytest.Testcase@6818d900]" started-at="2022-06-19T21:40:57 CEST" name="test4and5NavigateShcedulepageandverify" finished-at="2022-06-19T21:41:02 CEST" duration-ms="4494" status="PASS">
          <reporter-output>
          </reporter-output>
        </test-method> <!-- test4and5NavigateShcedulepageandverify -->
        <test-method is-config="true" signature="tearDown()[pri:0, instance:plandaytest.Testcase@6818d900]" started-at="2022-06-19T21:41:02 CEST" name="tearDown" finished-at="2022-06-19T21:41:02 CEST" duration-ms="350" status="PASS">
          <reporter-output>
          </reporter-output>
        </test-method> <!-- tearDown -->
        <test-method is-config="true" signature="setUp()[pri:0, instance:plandaytest.Testcase@6818d900]" started-at="2022-06-19T21:41:02 CEST" name="setUp" finished-at="2022-06-19T21:41:08 CEST" duration-ms="5605" status="PASS">
          <reporter-output>
          </reporter-output>
        </test-method> <!-- setUp -->
        <test-method signature="test6countandassertnumberofemployee()[pri:0, instance:plandaytest.Testcase@6818d900]" started-at="2022-06-19T21:41:08 CEST" name="test6countandassertnumberofemployee" finished-at="2022-06-19T21:41:17 CEST" duration-ms="9539" status="PASS">
          <reporter-output>
          </reporter-output>
        </test-method> <!-- test6countandassertnumberofemployee -->
        <test-method is-config="true" signature="tearDown()[pri:0, instance:plandaytest.Testcase@6818d900]" started-at="2022-06-19T21:41:17 CEST" name="tearDown" finished-at="2022-06-19T21:41:18 CEST" duration-ms="323" status="PASS">
          <reporter-output>
          </reporter-output>
        </test-method> <!-- tearDown -->
        <test-method is-config="true" signature="setUp()[pri:0, instance:plandaytest.Testcase@6818d900]" started-at="2022-06-19T21:41:18 CEST" name="setUp" finished-at="2022-06-19T21:41:26 CEST" duration-ms="7947" status="PASS">
          <reporter-output>
          </reporter-output>
        </test-method> <!-- setUp -->
        <test-method signature="test7and8createashiftandfilltime()[pri:0, instance:plandaytest.Testcase@6818d900]" started-at="2022-06-19T21:41:26 CEST" name="test7and8createashiftandfilltime" finished-at="2022-06-19T21:41:38 CEST" duration-ms="12963" status="PASS">
          <reporter-output>
          </reporter-output>
        </test-method> <!-- test7and8createashiftandfilltime -->
        <test-method is-config="true" signature="tearDown()[pri:0, instance:plandaytest.Testcase@6818d900]" started-at="2022-06-19T21:41:39 CEST" name="tearDown" finished-at="2022-06-19T21:41:39 CEST" duration-ms="319" status="PASS">
          <reporter-output>
          </reporter-output>
        </test-method> <!-- tearDown -->
        <test-method is-config="true" signature="setUp()[pri:0, instance:plandaytest.Testcase@6818d900]" started-at="2022-06-19T21:41:39 CEST" name="setUp" finished-at="2022-06-19T21:41:44 CEST" duration-ms="5342" status="PASS">
          <reporter-output>
          </reporter-output>
        </test-method> <!-- setUp -->
        <test-method signature="test9assertcreatedshift()[pri:0, instance:plandaytest.Testcase@6818d900]" started-at="2022-06-19T21:41:44 CEST" name="test9assertcreatedshift" finished-at="2022-06-19T21:41:53 CEST" duration-ms="8565" status="PASS">
          <reporter-output>
          </reporter-output>
        </test-method> <!-- test9assertcreatedshift -->
        <test-method is-config="true" signature="tearDown()[pri:0, instance:plandaytest.Testcase@6818d900]" started-at="2022-06-19T21:41:53 CEST" name="tearDown" finished-at="2022-06-19T21:41:53 CEST" duration-ms="353" status="PASS">
          <reporter-output>
          </reporter-output>
        </test-method> <!-- tearDown -->
      </class> <!-- plandaytest.Testcase -->
    </test> <!-- Default test -->
  </suite> <!-- Default suite -->
</testng-results>
