<?xml version="1.0" encoding="UTF-8"?>
<!-- Generated by org.testng.reporters.JUnitXMLReporter -->
<testsuite ignored="0" hostname="Raaseshs-Air" failures="0" tests="6" name="Default test" time="59.326" errors="0" timestamp="2022-06-20T00:45:05 CEST">
  <testcase classname="plandaytest.Testcase" name="CountAndAssertNumberOfEmployees" time="6.596"/>
  <testcase classname="plandaytest.Testcase" name="VerifyIncorrectLoginCredentialsError" time="0.708"/>
  <testcase classname="plandaytest.Testcase" name="VerifyLogin" time="0.951"/>
  <testcase classname="plandaytest.Testcase" name="VerifyLoginFieldsAvailability" time="0.206"/>
  <testcase classname="plandaytest.Testcase" name="VerifyRedirectUrlContainsSchedule" time="3.03"/>
  <testcase classname="plandaytest.Testcase" name="VerifyShiftShownOnScheduleGrid" time="10.945"/>
</testsuite> <!-- Default test -->
