<?xml version="1.0" encoding="UTF-8"?>
<testng-results ignored="0" total="6" passed="6" failed="0" skipped="0">
  <reporter-output>
  </reporter-output>
  <suite started-at="2022-06-20T00:44:05 CEST" name="Default suite" finished-at="2022-06-20T00:45:05 CEST" duration-ms="59326">
    <groups>
    </groups>
    <test started-at="2022-06-20T00:44:05 CEST" name="Default test" finished-at="2022-06-20T00:45:05 CEST" duration-ms="59326">
      <class name="plandaytest.Testcase">
        <test-method is-config="true" signature="setUp()[pri:0, instance:plandaytest.Testcase@4a68135e]" started-at="2022-06-20T00:44:06 CEST" name="setUp" finished-at="2022-06-20T00:44:17 CEST" duration-ms="11686" status="PASS">
          <reporter-output>
          </reporter-output>
        </test-method> <!-- setUp -->
        <test-method signature="CountAndAssertNumberOfEmployees()[pri:0, instance:plandaytest.Testcase@4a68135e]" started-at="2022-06-20T00:44:18 CEST" name="CountAndAssertNumberOfEmployees" description="Test 6 Count and seert that the number of employees displayed is 3" finished-at="2022-06-20T00:44:24 CEST" duration-ms="6596" status="PASS">
          <reporter-output>
          </reporter-output>
        </test-method> <!-- CountAndAssertNumberOfEmployees -->
        <test-method is-config="true" signature="tearDown()[pri:0, instance:plandaytest.Testcase@4a68135e]" started-at="2022-06-20T00:44:24 CEST" name="tearDown" finished-at="2022-06-20T00:44:25 CEST" duration-ms="496" status="PASS">
          <reporter-output>
          </reporter-output>
        </test-method> <!-- tearDown -->
        <test-method is-config="true" signature="setUp()[pri:0, instance:plandaytest.Testcase@4a68135e]" started-at="2022-06-20T00:44:25 CEST" name="setUp" finished-at="2022-06-20T00:44:30 CEST" duration-ms="4835" status="PASS">
          <reporter-output>
          </reporter-output>
        </test-method> <!-- setUp -->
        <test-method signature="VerifyIncorrectLoginCredentialsError()[pri:0, instance:plandaytest.Testcase@4a68135e]" started-at="2022-06-20T00:44:30 CEST" name="VerifyIncorrectLoginCredentialsError" description="Test 2 Verify if invalid login credentials produces validation message" finished-at="2022-06-20T00:44:30 CEST" duration-ms="708" status="PASS">
          <reporter-output>
          </reporter-output>
        </test-method> <!-- VerifyIncorrectLoginCredentialsError -->
        <test-method is-config="true" signature="tearDown()[pri:0, instance:plandaytest.Testcase@4a68135e]" started-at="2022-06-20T00:44:30 CEST" name="tearDown" finished-at="2022-06-20T00:44:31 CEST" duration-ms="233" status="PASS">
          <reporter-output>
          </reporter-output>
        </test-method> <!-- tearDown -->
        <test-method is-config="true" signature="setUp()[pri:0, instance:plandaytest.Testcase@4a68135e]" started-at="2022-06-20T00:44:31 CEST" name="setUp" finished-at="2022-06-20T00:44:35 CEST" duration-ms="4842" status="PASS">
          <reporter-output>
          </reporter-output>
        </test-method> <!-- setUp -->
        <test-method signature="VerifyLogin()[pri:0, instance:plandaytest.Testcase@4a68135e]" started-at="2022-06-20T00:44:35 CEST" name="VerifyLogin" description="Test 3 Verify successful login" finished-at="2022-06-20T00:44:36 CEST" duration-ms="951" status="PASS">
          <reporter-output>
          </reporter-output>
        </test-method> <!-- VerifyLogin -->
        <test-method is-config="true" signature="tearDown()[pri:0, instance:plandaytest.Testcase@4a68135e]" started-at="2022-06-20T00:44:36 CEST" name="tearDown" finished-at="2022-06-20T00:44:37 CEST" duration-ms="271" status="PASS">
          <reporter-output>
          </reporter-output>
        </test-method> <!-- tearDown -->
        <test-method is-config="true" signature="setUp()[pri:0, instance:plandaytest.Testcase@4a68135e]" started-at="2022-06-20T00:44:37 CEST" name="setUp" finished-at="2022-06-20T00:44:41 CEST" duration-ms="4462" status="PASS">
          <reporter-output>
          </reporter-output>
        </test-method> <!-- setUp -->
        <test-method signature="VerifyLoginFieldsAvailability()[pri:0, instance:plandaytest.Testcase@4a68135e]" started-at="2022-06-20T00:44:41 CEST" name="VerifyLoginFieldsAvailability" description="Test 1 Verifies if username, password and login button fields are displayed" finished-at="2022-06-20T00:44:41 CEST" duration-ms="206" status="PASS">
          <reporter-output>
          </reporter-output>
        </test-method> <!-- VerifyLoginFieldsAvailability -->
        <test-method is-config="true" signature="tearDown()[pri:0, instance:plandaytest.Testcase@4a68135e]" started-at="2022-06-20T00:44:41 CEST" name="tearDown" finished-at="2022-06-20T00:44:42 CEST" duration-ms="229" status="PASS">
          <reporter-output>
          </reporter-output>
        </test-method> <!-- tearDown -->
        <test-method is-config="true" signature="setUp()[pri:0, instance:plandaytest.Testcase@4a68135e]" started-at="2022-06-20T00:44:42 CEST" name="setUp" finished-at="2022-06-20T00:44:46 CEST" duration-ms="4193" status="PASS">
          <reporter-output>
          </reporter-output>
        </test-method> <!-- setUp -->
        <test-method signature="VerifyRedirectUrlContainsSchedule()[pri:0, instance:plandaytest.Testcase@4a68135e]" started-at="2022-06-20T00:44:46 CEST" name="VerifyRedirectUrlContainsSchedule" description="Test 4,5 Verify click on schdeule redirects to the correct /schedule page" finished-at="2022-06-20T00:44:49 CEST" duration-ms="3030" status="PASS">
          <reporter-output>
          </reporter-output>
        </test-method> <!-- VerifyRedirectUrlContainsSchedule -->
        <test-method is-config="true" signature="tearDown()[pri:0, instance:plandaytest.Testcase@4a68135e]" started-at="2022-06-20T00:44:49 CEST" name="tearDown" finished-at="2022-06-20T00:44:49 CEST" duration-ms="312" status="PASS">
          <reporter-output>
          </reporter-output>
        </test-method> <!-- tearDown -->
        <test-method is-config="true" signature="setUp()[pri:0, instance:plandaytest.Testcase@4a68135e]" started-at="2022-06-20T00:44:49 CEST" name="setUp" finished-at="2022-06-20T00:44:53 CEST" duration-ms="4341" status="PASS">
          <reporter-output>
          </reporter-output>
        </test-method> <!-- setUp -->
        <test-method signature="VerifyShiftShownOnScheduleGrid()[pri:0, instance:plandaytest.Testcase@4a68135e]" started-at="2022-06-20T00:44:53 CEST" name="VerifyShiftShownOnScheduleGrid" description="Test 7,8, 9 Verify shift created is visible on the schedule grid" finished-at="2022-06-20T00:45:04 CEST" duration-ms="10945" status="PASS">
          <reporter-output>
          </reporter-output>
        </test-method> <!-- VerifyShiftShownOnScheduleGrid -->
        <test-method is-config="true" signature="tearDown()[pri:0, instance:plandaytest.Testcase@4a68135e]" started-at="2022-06-20T00:45:04 CEST" name="tearDown" finished-at="2022-06-20T00:45:05 CEST" duration-ms="378" status="PASS">
          <reporter-output>
          </reporter-output>
        </test-method> <!-- tearDown -->
      </class> <!-- plandaytest.Testcase -->
    </test> <!-- Default test -->
  </suite> <!-- Default suite -->
</testng-results>
